<?xml version="1.0" encoding="UTF-8"?>
<testsuite xmlns:xsi="http://www.w3.org/2001/XMLSchema-instance" xsi:noNamespaceSchemaLocation="https://maven.apache.org/surefire/maven-surefire-plugin/xsd/surefire-test-report-3.0.xsd" version="3.0" name="com.saas.pm.TenantIsolationTest" time="14.434" tests="1" errors="0" skipped="0" failures="0">
  <properties>
[...]
</properties>
  <testcase name="userFromOrgB_cannotAccessOrgA_project" classname="com.saas.pm.TenantIsolationTest" time="1.544">
    <system-out><![CDATA[19:24:35.861 [main] INFO org.springframework.test.context.support.AnnotationConfigContextLoaderUtils -- Could not detect default configuration classes for test class [com.saas.pm.TenantIsolationTest]: TenantIsolationTest does not declare any static, non-private, non-final, nested classes annotated with @Configuration.
19:24:36.127 [main] INFO org.springframework.boot.test.context.SpringBootTestContextBootstrapper -- Found @SpringBootConfiguration com.saas.pm.PmApplication for test class com.saas.pm.TenantIsolationTest
  .   ____          _            __ _ _
 /\\ / ___'_ __ _ _(_)_ __  __ _ \ \ \ \
( ( )\___ | '_ | '_| | '_ \/ _` | \ \ \ \
 \\/  ___)| |_)| | | | | || (_| |  ) ) ) )
  '  |____| .__|_| |_|_| |_\__, | / / / /
 =========|_|==============|___/=/_/_/_/

 :: Spring Boot ::                (v3.3.0)

2026-08-12T19:24:37.153+05:30  INFO 5464 --- [           main] com.saas.pm.TenantIsolationTest          : Starting TenantIsolationTest using Java 17.0.12 with PID 5464 (started by adeeb in C:\Users\adeeb\Downloads\saas-pm-full-project (2)\saas-pm\backend)
2026-08-12T19:24:37.160+05:30  INFO 5464 --- [           main] com.saas.pm.TenantIsolationTest          : No active profile set, falling back to 1 default profile: "default"
2026-08-12T19:24:39.169+05:30  INFO 5464 --- [           main] .s.d.r.c.RepositoryConfigurationDelegate : Bootstrapping Spring Data JPA repositories in DEFAULT mode.
2026-08-12T19:24:39.342+05:30  INFO 5464 --- [           main] .s.d.r.c.RepositoryConfigurationDelegate : Finished Spring Data repository scanning in 148 ms. Found 4 JPA repository interfaces.
2026-08-12T19:24:40.796+05:30  INFO 5464 --- [           main] o.hibernate.jpa.internal.util.LogHelper  : HHH000204: Processing PersistenceUnitInfo [name: default]
2026-08-12T19:24:41.031+05:30  INFO 5464 --- [           main] org.hibernate.Version                    : HHH000412: Hibernate ORM core version 6.5.2.Final
2026-08-12T19:24:41.225+05:30  INFO 5464 --- [           main] o.h.c.internal.RegionFactoryInitiator    : HHH000026: Second-level cache disabled
2026-08-12T19:24:42.064+05:30  INFO 5464 --- [           main] o.s.o.j.p.SpringPersistenceUnitInfo      : No LoadTimeWeaver setup: ignoring JPA class transformer
2026-08-12T19:24:42.140+05:30  INFO 5464 --- [           main] com.zaxxer.hikari.HikariDataSource       : HikariPool-1 - Starting...
2026-08-12T19:24:42.574+05:30  INFO 5464 --- [           main] com.zaxxer.hikari.pool.HikariPool        : HikariPool-1 - Added connection org.postgresql.jdbc.PgConnection@18dd7767
2026-08-12T19:24:42.578+05:30  INFO 5464 --- [           main] com.zaxxer.hikari.HikariDataSource       : HikariPool-1 - Start completed.
2026-08-12T19:24:45.330+05:30  INFO 5464 --- [           main] o.h.e.t.j.p.i.JtaPlatformInitiator       : HHH000489: No JTA platform available (set 'hibernate.transaction.jta.platform' to enable JTA platform integration)
2026-08-12T19:24:45.592+05:30  INFO 5464 --- [           main] j.LocalContainerEntityManagerFactoryBean : Initialized JPA EntityManagerFactory for persistence unit 'default'
2026-08-12T19:24:46.805+05:30  WARN 5464 --- [           main] JpaBaseConfiguration$JpaWebConfiguration : spring.jpa.open-in-view is enabled by default. Therefore, database queries may be performed during view rendering. Explicitly configure spring.jpa.open-in-view to disable this warning
2026-08-12T19:24:46.843+05:30  WARN 5464 --- [           main] .s.s.UserDetailsServiceAutoConfiguration : 

Using generated security password: d174bad6-0faf-406a-a56a-7659ce886c60

This generated password is for development use only. Your security configuration must be updated before running your application in production.

2026-08-12T19:24:46.882+05:30  INFO 5464 --- [           main] r$InitializeUserDetailsManagerConfigurer : Global AuthenticationManager configured with UserDetailsService bean with name inMemoryUserDetailsManager
2026-08-12T19:24:47.561+05:30  INFO 5464 --- [           main] o.s.s.web.DefaultSecurityFilterChain     : Will secure any request with [org.springframework.security.web.session.DisableEncodeUrlFilter@53202b06, org.springframework.security.web.context.request.async.WebAsyncManagerIntegrationFilter@44ba9f25, org.springframework.security.web.context.SecurityContextHolderFilter@701da311, org.springframework.security.web.header.HeaderWriterFilter@1f3f0d25, org.springframework.web.filter.CorsFilter@53570fff, org.springframework.security.web.authentication.logout.LogoutFilter@6939f18a, com.saas.pm.security.JwtAuthFilter@1d57b8f1, org.springframework.security.web.savedrequest.RequestCacheAwareFilter@5de14222, org.springframework.security.web.servletapi.SecurityContextHolderAwareRequestFilter@134ec0f3, org.springframework.security.web.authentication.AnonymousAuthenticationFilter@6e5df971, org.springframework.security.web.session.SessionManagementFilter@19a4cdea, org.springframework.security.web.access.ExceptionTranslationFilter@2c1a0f82, org.springframework.security.web.access.intercept.AuthorizationFilter@23169374]
2026-08-12T19:24:48.284+05:30  INFO 5464 --- [           main] o.s.m.s.b.SimpleBrokerMessageHandler     : Starting...
2026-08-12T19:24:48.286+05:30  INFO 5464 --- [           main] o.s.m.s.b.SimpleBrokerMessageHandler     : BrokerAvailabilityEvent[available=true, SimpleBrokerMessageHandler [org.springframework.messaging.simp.broker.DefaultSubscriptionRegistry@1e834a5b]]
2026-08-12T19:24:48.289+05:30  INFO 5464 --- [           main] o.s.m.s.b.SimpleBrokerMessageHandler     : Started.
2026-08-12T19:24:48.305+05:30  INFO 5464 --- [           main] com.saas.pm.TenantIsolationTest          : Started TenantIsolationTest in 11.784 seconds (process running for 14.081)
Hibernate: insert into organizations (created_at,name,tier,id) values (?,?,?,?)
Hibernate: insert into organizations (created_at,name,tier,id) values (?,?,?,?)
Hibernate: insert into projects (name,organization_id,id) values (?,?,?)
Hibernate: select p1_0.id,p1_0.name,p1_0.organization_id from projects p1_0 where p1_0.id=? and p1_0.organization_id=?
]]></system-out>
  </testcase>
</testsuite>